<?xml version="1.0" encoding="UTF-8"?>
<!-- Generated by org.testng.reporters.JUnitReportReporter -->
<testsuite skipped="0" hostname="TSS168" name="com.medicathrms.Login" tests="8" failures="0" timestamp="26 Oct 2017 04:48:30 GMT" time="78.515" errors="0">
  <testcase name="loginMethod" time="27.454" classname="com.medicathrms.Login"/>
  <testcase name="passSetup" time="5.059" classname="com.medicathrms.Login"/>
  <testcase name="sendOTPPage" time="1.322" classname="com.medicathrms.Login"/>
  <testcase name="getOTPMethod" time="1.494" classname="com.medicathrms.Login"/>
  <testcase name="passSetup" time="11.003" classname="com.medicathrms.Login"/>
  <testcase name="loginMethod" time="30.287" classname="com.medicathrms.Login"/>
  <testcase name="getOTPMethod" time="0.786" classname="com.medicathrms.Login"/>
  <testcase name="sendOTPPage" time="1.110" classname="com.medicathrms.Login"/>
</testsuite> <!-- com.medicathrms.Login -->
