<?xml version="1.0" encoding="UTF-8"?>
<!-- Generated by org.testng.reporters.JUnitReportReporter -->
<testsuite skipped="0" hostname="TSS168" name="com.medicathrms.Dashboard" tests="2" failures="0" timestamp="26 Oct 2017 04:48:30 GMT" time="0.486" errors="0">
  <testcase name="dashboard" time="0.083" classname="com.medicathrms.Dashboard"/>
  <testcase name="dashboard" time="0.403" classname="com.medicathrms.Dashboard"/>
</testsuite> <!-- com.medicathrms.Dashboard -->
